Arguments: 
  C:\Program Files\nodejs\node.exe C:\Users\colab\AppData\Roaming\npm\node_modules\yarn\bin\yarn.js add rsuite-icons

PATH: 
  C:\Users\colab\bin;C:\Program Files\Git\mingw64\bin;C:\Program Files\Git\usr\local\bin;C:\Program Files\Git\usr\bin;C:\Program Files\Git\usr\bin;C:\Program Files\Git\mingw64\bin;C:\Program Files\Git\usr\bin;C:\Users\colab\bin;C:\WINDOWS\system32;C:\WINDOWS;C:\WINDOWS\System32\Wbem;C:\WINDOWS\System32\WindowsPowerShell\v1.0;C:\WINDOWS\System32\OpenSSH;C:\Program Files\Git\cmd;C:\Program Files\nodejs;C:\Users\colab\AppData\Local\Programs\Python\Python310\Scripts;C:\Users\colab\AppData\Local\Programs\Python\Python310;C:\Users\colab\AppData\Local\Microsoft\WindowsApps;C:\Users\colab\AppData\Local\Programs\Microsoft VS Code\bin;C:\Users\colab\AppData\Roaming\npm;C:\Program Files\Git\usr\bin\vendor_perl;C:\Program Files\Git\usr\bin\core_perl

Yarn version: 
  1.22.17

Node version: 
  16.13.2

Platform: 
  win32 x64

Trace: 
  Error: https://registry.yarnpkg.com/rsuite-icons: Not found
      at Request.params.callback [as _callback] (C:\Users\colab\AppData\Roaming\npm\node_modules\yarn\lib\cli.js:67029:18)
      at Request.self.callback (C:\Users\colab\AppData\Roaming\npm\node_modules\yarn\lib\cli.js:140883:22)
      at Request.emit (node:events:390:28)
      at Request.<anonymous> (C:\Users\colab\AppData\Roaming\npm\node_modules\yarn\lib\cli.js:141855:10)
      at Request.emit (node:events:390:28)
      at IncomingMessage.<anonymous> (C:\Users\colab\AppData\Roaming\npm\node_modules\yarn\lib\cli.js:141777:12)
      at Object.onceWrapper (node:events:509:28)
      at IncomingMessage.emit (node:events:402:35)
      at endReadableNT (node:internal/streams/readable:1343:12)
      at processTicksAndRejections (node:internal/process/task_queues:83:21)

npm manifest: 
  {
    "dependencies": {
      "rsuite": "^5.5.1"
    }
  }

yarn manifest: 
  No manifest

Lockfile: 
  # THIS IS AN AUTOGENERATED FILE. DO NOT EDIT THIS FILE DIRECTLY.
  # yarn lockfile v1
  
  
  "@babel/runtime@^7.12.5", "@babel/runtime@^7.16.0", "@babel/runtime@^7.7.2", "@babel/runtime@^7.8.4", "@babel/runtime@^7.8.7":
    version "7.16.7"
    resolved "https://registry.yarnpkg.com/@babel/runtime/-/runtime-7.16.7.tgz#03ff99f64106588c9c403c6ecb8c3bafbbdff1fa"
    integrity sha512-9E9FJowqAsytyOY6LG+1KuueckRL+aQW+mKvXRXnuFGyRAyepJPmEo9vgMfXUA6O9u3IeEdv9MAkppFcaQwogQ==
    dependencies:
      regenerator-runtime "^0.13.4"
  
  "@juggle/resize-observer@^3.3.1":
    version "3.3.1"
    resolved "https://registry.yarnpkg.com/@juggle/resize-observer/-/resize-observer-3.3.1.tgz#b50a781709c81e10701004214340f25475a171a0"
    integrity sha512-zMM9Ds+SawiUkakS7y94Ymqx+S0ORzpG3frZirN3l+UlXUmSUR7hF4wxCVqW+ei94JzV5kt0uXBcoOEAuiydrw==
  
  "@rsuite/icon-font@^4.0.0":
    version "4.0.0"
    resolved "https://registry.yarnpkg.com/@rsuite/icon-font/-/icon-font-4.0.0.tgz#c4a772af5020bb3bbf74761879f80da23e914123"
    integrity sha512-rZTgpTH3H3HLczCA2rnkWfoMKm0ZXoRzsrkVujfP/FfslnKUMvO6w56pa8pCvhWGpNEPUsLS2ULnFGpTEcup/Q==
  
  "@rsuite/icons@^1.0.0", "@rsuite/icons@^1.0.2":
    version "1.0.2"
    resolved "https://registry.yarnpkg.com/@rsuite/icons/-/icons-1.0.2.tgz#1b53f6e5dc1dabec7a40ac5773ecc2172f05d09e"
    integrity sha512-Y7vJNDQpJnFlyYSUXQ2iQ9Meg7+ZKcrIenhpYDdM3c7vYDE/L7pml+hrK28jk6QfV/QkVv5B504D+l7aM6AAJQ==
    dependencies:
      "@rsuite/icon-font" "^4.0.0"
      classnames "^2.2.5"
      insert-css "^2.0.0"
      lodash "^4.17.20"
  
  "@types/chai@^4.2.18":
    version "4.3.0"
    resolved "https://registry.yarnpkg.com/@types/chai/-/chai-4.3.0.tgz#23509ebc1fa32f1b4d50d6a66c4032d5b8eaabdc"
    integrity sha512-/ceqdqeRraGolFTcfoXNiqjyQhZzbINDngeoAq9GoHa8PPK1yNzTaxWjA6BFWp5Ua9JpXEMSS4s5i9tS0hOJtw==
  
  "@types/lodash@^4.14.134":
    version "4.14.178"
    resolved "https://registry.yarnpkg.com/@types/lodash/-/lodash-4.14.178.tgz#341f6d2247db528d4a13ddbb374bcdc80406f4f8"
    integrity sha512-0d5Wd09ItQWH1qFbEyQ7oTQ3GZrMfth5JkbN3EvTKLXcHLRDSXeLnlvlOn0wvxVIwK5o2M8JzP/OWz7T3NRsbw==
  
  "@types/prop-types@*", "@types/prop-types@^15.7.4":
    version "15.7.4"
    resolved "https://registry.yarnpkg.com/@types/prop-types/-/prop-types-15.7.4.tgz#fcf7205c25dff795ee79af1e30da2c9790808f11"
    integrity sha512-rZ5drC/jWjrArrS8BR6SIr4cWpW09RNTYt9AMZo3Jwwif+iacXAqgVjm0B0Bv/S1jhDXKHqRVNCbACkJ89RAnQ==
  
  "@types/react-virtualized@^9.21.11":
    version "9.21.16"
    resolved "https://registry.yarnpkg.com/@types/react-virtualized/-/react-virtualized-9.21.16.tgz#5e33c7e8a7c187f2b6d542132fc7a1d132b34f9d"
    integrity sha512-25QMrouz1VKq5T68+9JfRq3GP4JmN20ARi+hl5z7NMmriy07XmGd1Yh3I4EIZjmifpXhHZoQS/ny2fzZRyiAiw==
    dependencies:
      "@types/prop-types" "*"
      "@types/react" "*"
  
  "@types/react@*":
    version "17.0.38"
    resolved "https://registry.yarnpkg.com/@types/react/-/react-17.0.38.tgz#f24249fefd89357d5fa71f739a686b8d7c7202bd"
    integrity sha512-SI92X1IA+FMnP3qM5m4QReluXzhcmovhZnLNm3pyeQlooi02qI7sLiepEYqT678uNiyc25XfCqxREFpy3W7YhQ==
    dependencies:
      "@types/prop-types" "*"
      "@types/scheduler" "*"
      csstype "^3.0.2"
  
  "@types/scheduler@*":
    version "0.16.2"
    resolved "https://registry.yarnpkg.com/@types/scheduler/-/scheduler-0.16.2.tgz#1a62f89525723dde24ba1b01b092bf5df8ad4d39"
    integrity sha512-hppQEBDmlwhFAXKJX2KnWLYu5yMfi91yazPb2l+lbJiwW+wdo1gNeRA+3RgNSO39WYX2euey41KEwnqesU2Jew==
  
  classnames@^2.2.5, classnames@^2.3.1:
    version "2.3.1"
    resolved "https://registry.yarnpkg.com/classnames/-/classnames-2.3.1.tgz#dfcfa3891e306ec1dad105d0e88f4417b8535e8e"
    integrity sha512-OlQdbZ7gLfGarSqxesMesDa5uz7KFbID8Kpq/SxIoNGDqY8lSYs0D+hhtBXhcdB3rcbXArFr7vlHheLk1voeNA==
  
  clsx@^1.0.4:
    version "1.1.1"
    resolved "https://registry.yarnpkg.com/clsx/-/clsx-1.1.1.tgz#98b3134f9abbdf23b2663491ace13c5c03a73188"
    integrity sha512-6/bPho624p3S2pMyvP5kKBPXnI3ufHLObBFCfgx+LkeR5lg2XYy2hqZqUf45ypD8COn2bhgGJSUE+l5dhNBieA==
  
  csstype@^3.0.2:
    version "3.0.10"
    resolved "https://registry.yarnpkg.com/csstype/-/csstype-3.0.10.tgz#2ad3a7bed70f35b965707c092e5f30b327c290e5"
    integrity sha512-2u44ZG2OcNUO9HDp/Jl8C07x6pU/eTR3ncV91SiK3dhG9TWvRVsCoJw14Ckx5DgWkzGA3waZWO3d7pgqpUI/XA==
  
  date-fns@^2.13.0:
    version "2.28.0"
    resolved "https://registry.yarnpkg.com/date-fns/-/date-fns-2.28.0.tgz#9570d656f5fc13143e50c975a3b6bbeb46cd08b2"
    integrity sha512-8d35hViGYx/QH0icHYCeLmsLmMUheMmTyV9Fcm6gvNwdw31yXXH+O85sOBJ+OLnLQMKZowvpKb6FgMIQjcpvQw==
  
  dom-helpers@^5.1.3:
    version "5.2.1"
    resolved "https://registry.yarnpkg.com/dom-helpers/-/dom-helpers-5.2.1.tgz#d9400536b2bf8225ad98fe052e029451ac40e902"
    integrity sha512-nRCa7CK3VTrM2NmGkIy4cbK7IZlgBE/PYMn55rrXefr5xXDP0LdtfPnblFDoVdcAfslJ7or6iqAUnx0CCGIWQA==
    dependencies:
      "@babel/runtime" "^7.8.7"
      csstype "^3.0.2"
  
  dom-lib@^3.0.0:
    version "3.0.1"
    resolved "https://registry.yarnpkg.com/dom-lib/-/dom-lib-3.0.1.tgz#e8cb0fc5c7b15c2a70cec6bac77a741b30555368"
    integrity sha512-8ejYOFLj2Qxa9+UAkomy978SmZSirb9d/UKm+0/DAx1XwvkYlIfyykuNOVe5egic4Ekc6N8Mj3rD1O2owQ4Mxw==
    dependencies:
      "@babel/runtime" "^7.16.0"
  
  insert-css@^2.0.0:
    version "2.0.0"
    resolved "https://registry.yarnpkg.com/insert-css/-/insert-css-2.0.0.tgz#eb5d1097b7542f4c79ea3060d3aee07d053880f4"
    integrity sha1-610Ql7dUL0x56jBg067gfQU4gPQ=
  
  "js-tokens@^3.0.0 || ^4.0.0":
    version "4.0.0"
    resolved "https://registry.yarnpkg.com/js-tokens/-/js-tokens-4.0.0.tgz#19203fb59991df98e3a287050d4647cdeaf32499"
    integrity sha512-RdJUflcE3cUzKiMqQgsCu06FPu9UdIJO0beYbPhHN4k6apgJtifcoCtT9bcxOpYBtpD2kCM6Sbzg4CausW/PKQ==
  
  lodash@^4.17.11, lodash@^4.17.20, lodash@^4.17.21:
    version "4.17.21"
    resolved "https://registry.yarnpkg.com/lodash/-/lodash-4.17.21.tgz#679591c564c3bffaae8454cf0b3df370c3d6911c"
    integrity sha512-v2kDEe57lecTulaDIuNTPy3Ry4gLGJ6Z1O3vE1krgXZNrsQ+LFTGHVxVjcXPs17LhbZVGedAJv8XZ1tvj5FvSg==
  
  loose-envify@^1.4.0:
    version "1.4.0"
    resolved "https://registry.yarnpkg.com/loose-envify/-/loose-envify-1.4.0.tgz#71ee51fa7be4caec1a63839f7e682d8132d30caf"
    integrity sha512-lyuxPGr/Wfhrlem2CL/UcnUc1zcqKAImBDzukY7Y5F/yQiNdko6+fRLevlw1HgMySw7f611UIY408EtxRSoK3Q==
    dependencies:
      js-tokens "^3.0.0 || ^4.0.0"
  
  object-assign@^4.1.1:
    version "4.1.1"
    resolved "https://registry.yarnpkg.com/object-assign/-/object-assign-4.1.1.tgz#2109adc7965887cfc05cbbd442cac8bfbb360863"
    integrity sha1-IQmtx5ZYh8/AXLvUQsrIv7s2CGM=
  
  prop-types@^15.7.2:
    version "15.8.1"
    resolved "https://registry.yarnpkg.com/prop-types/-/prop-types-15.8.1.tgz#67d87bf1a694f48435cf332c24af10214a3140b5"
    integrity sha512-oj87CgZICdulUohogVAR7AjlC0327U4el4L6eAvOqCeudMDVU0NThNaV+b9Df4dXgSP1gXMTnPdhfe/2qDH5cg==
    dependencies:
      loose-envify "^1.4.0"
      object-assign "^4.1.1"
      react-is "^16.13.1"
  
  react-is@^16.13.1:
    version "16.13.1"
    resolved "https://registry.yarnpkg.com/react-is/-/react-is-16.13.1.tgz#789729a4dc36de2999dc156dd6c1d9c18cea56a4"
    integrity sha512-24e6ynE2H+OKt4kqsOvNd8kBpV65zoxbA4BVsEOB3ARVWQki/DHzaUoC5KuON/BiccDaCCTZBuOcfZs70kR8bQ==
  
  react-is@^17.0.2:
    version "17.0.2"
    resolved "https://registry.yarnpkg.com/react-is/-/react-is-17.0.2.tgz#e691d4a8e9c789365655539ab372762b0efb54f0"
    integrity sha512-w2GsyukL62IJnlaff/nRegPQR94C/XXamvMWmSHRJ4y7Ts/4ocGRmTHvOs8PSE6pB3dWOrD/nueuU5sduBsQ4w==
  
  react-lifecycles-compat@^3.0.4:
    version "3.0.4"
    resolved "https://registry.yarnpkg.com/react-lifecycles-compat/-/react-lifecycles-compat-3.0.4.tgz#4f1a273afdfc8f3488a8c516bfda78f872352362"
    integrity sha512-fBASbA6LnOU9dOU2eW7aQ8xmYBSXUIWr+UmF9b1efZBazGNO+rcXT/icdKnYm2pTwcRylVUYwW7H1PHfLekVzA==
  
  react-virtualized@^9.22.3:
    version "9.22.3"
    resolved "https://registry.yarnpkg.com/react-virtualized/-/react-virtualized-9.22.3.tgz#f430f16beb0a42db420dbd4d340403c0de334421"
    integrity sha512-MKovKMxWTcwPSxE1kK1HcheQTWfuCxAuBoSTf2gwyMM21NdX/PXUhnoP8Uc5dRKd+nKm8v41R36OellhdCpkrw==
    dependencies:
      "@babel/runtime" "^7.7.2"
      clsx "^1.0.4"
      dom-helpers "^5.1.3"
      loose-envify "^1.4.0"
      prop-types "^15.7.2"
      react-lifecycles-compat "^3.0.4"
  
  regenerator-runtime@^0.13.4:
    version "0.13.9"
    resolved "https://registry.yarnpkg.com/regenerator-runtime/-/regenerator-runtime-0.13.9.tgz#8925742a98ffd90814988d7566ad30ca3b263b52"
    integrity sha512-p3VT+cOEgxFsRRA9X4lkI1E+k2/CtnKtU4gcxyaCUreilL/vqI6CdZ3wxVUx3UOUg+gnUOQQcRI7BmSI656MYA==
  
  rsuite-table@^5.3.2:
    version "5.3.2"
    resolved "https://registry.yarnpkg.com/rsuite-table/-/rsuite-table-5.3.2.tgz#648813700d1c487e54bf4490bed143affc0b2de4"
    integrity sha512-4ZAxHLdKt9UojE7UqDzUxbzPBwYNMRsrwwJSmrwq18Afqk83HX/7UFCXPhxLX3wu49SVX6pnkAE9I5K1EB2/ug==
    dependencies:
      "@babel/runtime" "^7.12.5"
      "@juggle/resize-observer" "^3.3.1"
      "@rsuite/icons" "^1.0.0"
      classnames "^2.2.5"
      dom-lib "^3.0.0"
      lodash "^4.17.21"
      react-is "^17.0.2"
  
  rsuite@^5.5.1:
    version "5.5.1"
    resolved "https://registry.yarnpkg.com/rsuite/-/rsuite-5.5.1.tgz#01ad59a21f981a642c81681fa50b9b749641e026"
    integrity sha512-Xx8tjUCk4fC13IPs64nKVWyYV6mS1X9rybvpDxBiS7BSvaB4IbNrbsom+HmDqT9iFMvjyco6LWtsnVAQs8TTiw==
    dependencies:
      "@babel/runtime" "^7.8.4"
      "@juggle/resize-observer" "^3.3.1"
      "@rsuite/icons" "^1.0.2"
      "@types/chai" "^4.2.18"
      "@types/lodash" "^4.14.134"
      "@types/prop-types" "^15.7.4"
      "@types/react-virtualized" "^9.21.11"
      classnames "^2.3.1"
      date-fns "^2.13.0"
      dom-lib "^3.0.0"
      lodash "^4.17.11"
      prop-types "^15.7.2"
      react-virtualized "^9.22.3"
      rsuite-table "^5.3.2"
      schema-typed "^2.0.2"
  
  schema-typed@^2.0.2:
    version "2.0.2"
    resolved "https://registry.yarnpkg.com/schema-typed/-/schema-typed-2.0.2.tgz#e33acc5d66449d30b417ead9fff4c98e199f7578"
    integrity sha512-E8GAANjZ8oYwyQJEyf/93W1QERTCwu8N7aMUbgBWbYvqzZE8f/kAZaL5D9knr7yLEgMnwJQ4pd8x8EVZ0PpzUA==
    dependencies:
      "@babel/runtime" "^7.16.0"
